0 silly argv {
0 silly argv   _: [ 'create' ],
0 silly argv   lernaVersion: '7.1.1',
0 silly argv   '$0': 'lerna',
0 silly argv   name: 'packages'
0 silly argv }
1 notice cli v7.1.1
2 verbose packageConfigs Resolving packages based on package.json "workspaces" configuration.
3 verbose rootPath /Users/kitipongslangsing/Documents/code-git-kitipong/lerna-project
4 warn ENOREMOTE No git remote found, skipping repository property
5 error Error: canceled
5 error     at Interface.<anonymous> (/Users/kitipongslangsing/.nvm/versions/node/v16.16.0/lib/node_modules/lerna/node_modules/read/lib/read.js:79:15)
5 error     at Interface.emit (node:events:527:28)
5 error     at Interface._ttyWrite (node:readline:1081:16)
5 error     at ReadStream.onkeypress (node:readline:288:10)
5 error     at ReadStream.emit (node:events:527:28)
5 error     at emitKeys (node:internal/readline/utils:358:14)
5 error     at emitKeys.next (<anonymous>)
5 error     at ReadStream.onData (node:internal/readline/emitKeypressEvents:61:36)
5 error     at ReadStream.emit (node:events:527:28)
